{
  "stats": {
    "suites": 1,
    "tests": 1,
    "passes": 1,
    "pending": 0,
    "failures": 0,
    "start": "2024-12-27T05:05:30.654Z",
    "end": "2024-12-27T05:05:35.067Z",
    "duration": 4413,
    "testsRegistered": 1,
    "passPercent": 100,
    "pendingPercent": 0,
    "other": 0,
    "hasOther": false,
    "skipped": 0,
    "hasSkipped": false
  },
  "results": [
    {
      "uuid": "0f3ec0eb-8723-452e-8068-8643389476e6",
      "title": "",
      "fullFile": "cypress\\e2e\\login_correto.cy.js",
      "file": "cypress\\e2e\\login_correto.cy.js",
      "beforeHooks": [],
      "afterHooks": [],
      "tests": [],
      "suites": [
        {
          "uuid": "3c2c4eb0-cbed-4e81-a451-eb6ced0cc307",
          "title": "Página de Login",
          "fullFile": "",
          "file": "",
          "beforeHooks": [],
          "afterHooks": [],
          "tests": [
            {
              "title": "Deve preencher os campos de login corretamente e autenticar o usuário na página",
              "fullTitle": "Página de Login Deve preencher os campos de login corretamente e autenticar o usuário na página",
              "timedOut": null,
              "duration": 2625,
              "state": "passed",
              "speed": "fast",
              "pass": true,
              "fail": false,
              "pending": false,
              "context": null,
              "code": "cy.login('aline@gmail.com', '12Al34');",
              "err": {},
              "uuid": "e277d30a-7bd5-4ed0-abd1-f8b16a85f833",
              "parentUUID": "3c2c4eb0-cbed-4e81-a451-eb6ced0cc307",
              "isHook": false,
              "skipped": false
            }
          ],
          "suites": [],
          "passes": [
            "e277d30a-7bd5-4ed0-abd1-f8b16a85f833"
          ],
          "failures": [],
          "pending": [],
          "skipped": [],
          "duration": 2625,
          "root": false,
          "rootEmpty": false,
          "_timeout": 2000
        }
      ],
      "passes": [],
      "failures": [],
      "pending": [],
      "skipped": [],
      "duration": 0,
      "root": true,
      "rootEmpty": true,
      "_timeout": 2000
    }
  ],
  "meta": {
    "mocha": {
      "version": "7.0.1"
    },
    "mochawesome": {
      "options": {
        "quiet": false,
        "reportFilename": "mochawesome",
        "saveHtml": true,
        "saveJson": true,
        "consoleReporter": "spec",
        "useInlineDiffs": false,
        "code": true
      },
      "version": "7.1.3"
    },
    "marge": {
      "options": {
        "reportDir": "cypress/results",
        "overwrite": false,
        "html": true,
        "json": true,
        "timestamp": "mmddyyyy_HHMMss"
      },
      "version": "6.2.0"
    }
  }
}